Determining if the pthread_create exist failed with the following output:
Change Dir: /home/dibya/QGate/AUV-Tasks-Unclean/src/CMakeFiles/CMakeTmp

Run Build Command:"/usr/bin/make" "cmTC_27bc3/fast"
/usr/bin/make -f CMakeFiles/cmTC_27bc3.dir/build.make CMakeFiles/cmTC_27bc3.dir/build
make[1]: Entering directory '/home/dibya/QGate/AUV-Tasks-Unclean/src/CMakeFiles/CMakeTmp'
Building C object CMakeFiles/cmTC_27bc3.dir/CheckSymbolExists.c.o
/usr/bin/cc     -o CMakeFiles/cmTC_27bc3.dir/CheckSymbolExists.c.o   -c /home/dibya/QGate/AUV-Tasks-Unclean/src/CMakeFiles/CMakeTmp/CheckSymbolExists.c
Linking C executable cmTC_27bc3
/usr/bin/cmake -E cmake_link_script CMakeFiles/cmTC_27bc3.dir/link.txt --verbose=1
/usr/bin/cc       CMakeFiles/cmTC_27bc3.dir/CheckSymbolExists.c.o  -o cmTC_27bc3 -rdynamic 
CMakeFiles/cmTC_27bc3.dir/CheckSymbolExists.c.o: In function `main':
CheckSymbolExists.c:(.text+0x16): undefined reference to `pthread_create'
collect2: error: ld returned 1 exit status
CMakeFiles/cmTC_27bc3.dir/build.make:97: recipe for target 'cmTC_27bc3' failed
make[1]: *** [cmTC_27bc3] Error 1
make[1]: Leaving directory '/home/dibya/QGate/AUV-Tasks-Unclean/src/CMakeFiles/CMakeTmp'
Makefile:126: recipe for target 'cmTC_27bc3/fast' failed
make: *** [cmTC_27bc3/fast] Error 2

File /home/dibya/QGate/AUV-Tasks-Unclean/src/CMakeFiles/CMakeTmp/CheckSymbolExists.c:
/* */
#include <pthread.h>

int main(int argc, char** argv)
{
  (void)argv;
#ifndef pthread_create
  return ((int*)(&pthread_create))[argc];
#else
  (void)argc;
  return 0;
#endif
}

Determining if the function pthread_create exists in the pthreads failed with the following output:
Change Dir: /home/dibya/QGate/AUV-Tasks-Unclean/src/CMakeFiles/CMakeTmp

Run Build Command:"/usr/bin/make" "cmTC_81116/fast"
/usr/bin/make -f CMakeFiles/cmTC_81116.dir/build.make CMakeFiles/cmTC_81116.dir/build
make[1]: Entering directory '/home/dibya/QGate/AUV-Tasks-Unclean/src/CMakeFiles/CMakeTmp'
Building C object CMakeFiles/cmTC_81116.dir/CheckFunctionExists.c.o
/usr/bin/cc    -DCHECK_FUNCTION_EXISTS=pthread_create   -o CMakeFiles/cmTC_81116.dir/CheckFunctionExists.c.o   -c /usr/share/cmake-3.5/Modules/CheckFunctionExists.c
Linking C executable cmTC_81116
/usr/bin/cmake -E cmake_link_script CMakeFiles/cmTC_81116.dir/link.txt --verbose=1
/usr/bin/cc   -DCHECK_FUNCTION_EXISTS=pthread_create    CMakeFiles/cmTC_81116.dir/CheckFunctionExists.c.o  -o cmTC_81116 -rdynamic -lpthreads 
/usr/bin/ld: cannot find -lpthreads
collect2: error: ld returned 1 exit status
CMakeFiles/cmTC_81116.dir/build.make:97: recipe for target 'cmTC_81116' failed
make[1]: *** [cmTC_81116] Error 1
make[1]: Leaving directory '/home/dibya/QGate/AUV-Tasks-Unclean/src/CMakeFiles/CMakeTmp'
Makefile:126: recipe for target 'cmTC_81116/fast' failed
make: *** [cmTC_81116/fast] Error 2


